warning: virtual workspace defaulting to `resolver = "1"` despite one or more workspace members being on edition 2021 which implies `resolver = "2"`
note: to keep the current resolver, specify `workspace.resolver = "1"` in the workspace root's manifest
note: to use the edition 2021 resolver, specify `workspace.resolver = "2"` in the workspace root's manifest
note: for more details see https://doc.rust-lang.org/cargo/reference/resolver.html#resolver-versions
warning: unused import: `debug`
 --> transaction/src/block_builder.rs:2:11
  |
2 | use log::{debug, error, info};
  |           ^^^^^
  |
  = note: `#[warn(unused_imports)]` on by default

warning: unused import: `format`
 --> consensus/src/dag.rs:2:25
  |
2 | use std::fmt::{Display, format, Formatter};
  |                         ^^^^^^
  |
  = note: `#[warn(unused_imports)]` on by default

warning: unused import: `std::ops::Add`
 --> consensus/src/dag.rs:3:5
  |
3 | use std::ops::Add;
  |     ^^^^^^^^^^^^^

warning: field `delivered_vertices` is never read
  --> consensus/src/state.rs:10:9
   |
 8 | pub struct State {
   |            ----- field in this struct
 9 |     pub current_round: Round,
10 |     pub delivered_vertices: HashSet<VertexHash>,
   |         ^^^^^^^^^^^^^^^^^^
   |
   = note: `#[warn(dead_code)]` on by default

warning: method `set_vertex_as_delivered` is never used
  --> consensus/src/state.rs:29:12
   |
14 | impl State {
   | ---------- method in this implementation
...
29 |     pub fn set_vertex_as_delivered(&mut self, vertex_hash: VertexHash) {
   |            ^^^^^^^^^^^^^^^^^^^^^^^

warning: unused `Result` that must be used
   --> consensus/src/dag.rs:129:13
    |
129 |             write!(f, "{}", line);
    |             ^^^^^^^^^^^^^^^^^^^^^
    |
    = note: this `Result` may be an `Err` variant, which should be handled
    = note: `#[warn(unused_must_use)]` on by default
help: use `let _ = ...` to ignore the resulting value
    |
129 |             let _ = write!(f, "{}", line);
    |             +++++++

warning: `transaction` (lib) generated 1 warning (run `cargo fix --lib -p transaction` to apply 1 suggestion)
warning: `consensus` (lib) generated 5 warnings (run `cargo fix --lib -p consensus` to apply 2 suggestions)
    Finished `dev` profile [unoptimized + debuginfo] target(s) in 0.04s
     Running `target/debug/client '127.0.0.1:1244'`
[2025-10-26T04:07:35.371Z INFO  client] Node address: 127.0.0.1:1244
[2025-10-26T04:07:35.372Z INFO  client] 🚀 Starting transaction benchmark
[2025-10-26T04:07:35.372Z INFO  client] 📊 Target: 40 transactions
[2025-10-26T04:07:35.372Z INFO  client] 📤 Sent 10/40 transactions | Current TPS: 233013.33 | Last TX: 0.00ms
[2025-10-26T04:07:35.372Z INFO  client] 📤 Sent 20/40 transactions | Current TPS: 236686.39 | Last TX: 0.00ms
[2025-10-26T04:07:35.372Z INFO  client] 📤 Sent 30/40 transactions | Current TPS: 223048.33 | Last TX: 0.00ms
[2025-10-26T04:07:35.372Z INFO  client] 📤 Sent 40/40 transactions | Current TPS: 215440.63 | Last TX: 0.00ms
[2025-10-26T04:07:35.372Z INFO  client] ✅ Transaction sending completed!
[2025-10-26T04:07:35.372Z INFO  client] 📈 Final Statistics:
[2025-10-26T04:07:35.372Z INFO  client]    • Total transactions: 40
[2025-10-26T04:07:35.372Z INFO  client]    • Total time: 0.000 seconds
[2025-10-26T04:07:35.372Z INFO  client]    • Final TPS: 207972.63 transactions/second
[2025-10-26T04:07:35.372Z INFO  client]    • Average latency: 0.00 ms per transaction
